19:34:03: [INFO] [/home/xingy/WRAG-Bootcamp/autonomy-bootcamp-2025-p2/modules/heartbeat/heartbeat_receiver_worker.py | heartbeat_receiver_worker | 46] Logger initialized
19:34:03: [INFO] [/home/xingy/WRAG-Bootcamp/autonomy-bootcamp-2025-p2/modules/heartbeat/heartbeat_receiver.py | run | 61] Received heartbeat
19:34:03: [INFO] [/home/xingy/WRAG-Bootcamp/autonomy-bootcamp-2025-p2/modules/heartbeat/heartbeat_receiver_worker.py | heartbeat_receiver_worker | 63] Status: Connected
19:34:04: [INFO] [/home/xingy/WRAG-Bootcamp/autonomy-bootcamp-2025-p2/modules/heartbeat/heartbeat_receiver.py | run | 61] Received heartbeat
19:34:04: [INFO] [/home/xingy/WRAG-Bootcamp/autonomy-bootcamp-2025-p2/modules/heartbeat/heartbeat_receiver_worker.py | heartbeat_receiver_worker | 63] Status: Connected
19:34:05: [WARNING] [/home/xingy/WRAG-Bootcamp/autonomy-bootcamp-2025-p2/modules/heartbeat/heartbeat_receiver.py | run | 65] Missed heartbeat (1)
19:34:05: [INFO] [/home/xingy/WRAG-Bootcamp/autonomy-bootcamp-2025-p2/modules/heartbeat/heartbeat_receiver_worker.py | heartbeat_receiver_worker | 63] Status: Connected
19:34:05: [INFO] [/home/xingy/WRAG-Bootcamp/autonomy-bootcamp-2025-p2/modules/heartbeat/heartbeat_receiver.py | run | 61] Received heartbeat
19:34:05: [INFO] [/home/xingy/WRAG-Bootcamp/autonomy-bootcamp-2025-p2/modules/heartbeat/heartbeat_receiver_worker.py | heartbeat_receiver_worker | 63] Status: Connected
19:34:06: [INFO] [/home/xingy/WRAG-Bootcamp/autonomy-bootcamp-2025-p2/modules/heartbeat/heartbeat_receiver.py | run | 61] Received heartbeat
19:34:06: [INFO] [/home/xingy/WRAG-Bootcamp/autonomy-bootcamp-2025-p2/modules/heartbeat/heartbeat_receiver_worker.py | heartbeat_receiver_worker | 63] Status: Connected
19:34:07: [WARNING] [/home/xingy/WRAG-Bootcamp/autonomy-bootcamp-2025-p2/modules/heartbeat/heartbeat_receiver.py | run | 65] Missed heartbeat (1)
19:34:07: [INFO] [/home/xingy/WRAG-Bootcamp/autonomy-bootcamp-2025-p2/modules/heartbeat/heartbeat_receiver_worker.py | heartbeat_receiver_worker | 63] Status: Connected
19:34:07: [INFO] [/home/xingy/WRAG-Bootcamp/autonomy-bootcamp-2025-p2/modules/heartbeat/heartbeat_receiver.py | run | 61] Received heartbeat
19:34:07: [INFO] [/home/xingy/WRAG-Bootcamp/autonomy-bootcamp-2025-p2/modules/heartbeat/heartbeat_receiver_worker.py | heartbeat_receiver_worker | 63] Status: Connected
19:34:08: [WARNING] [/home/xingy/WRAG-Bootcamp/autonomy-bootcamp-2025-p2/modules/heartbeat/heartbeat_receiver.py | run | 65] Missed heartbeat (1)
19:34:08: [INFO] [/home/xingy/WRAG-Bootcamp/autonomy-bootcamp-2025-p2/modules/heartbeat/heartbeat_receiver_worker.py | heartbeat_receiver_worker | 63] Status: Connected
19:34:09: [WARNING] [/home/xingy/WRAG-Bootcamp/autonomy-bootcamp-2025-p2/modules/heartbeat/heartbeat_receiver.py | run | 65] Missed heartbeat (2)
19:34:09: [INFO] [/home/xingy/WRAG-Bootcamp/autonomy-bootcamp-2025-p2/modules/heartbeat/heartbeat_receiver_worker.py | heartbeat_receiver_worker | 63] Status: Connected
19:34:10: [WARNING] [/home/xingy/WRAG-Bootcamp/autonomy-bootcamp-2025-p2/modules/heartbeat/heartbeat_receiver.py | run | 65] Missed heartbeat (3)
19:34:10: [INFO] [/home/xingy/WRAG-Bootcamp/autonomy-bootcamp-2025-p2/modules/heartbeat/heartbeat_receiver_worker.py | heartbeat_receiver_worker | 63] Status: Connected
19:34:11: [WARNING] [/home/xingy/WRAG-Bootcamp/autonomy-bootcamp-2025-p2/modules/heartbeat/heartbeat_receiver.py | run | 65] Missed heartbeat (4)
19:34:11: [INFO] [/home/xingy/WRAG-Bootcamp/autonomy-bootcamp-2025-p2/modules/heartbeat/heartbeat_receiver_worker.py | heartbeat_receiver_worker | 63] Status: Connected
19:34:12: [WARNING] [/home/xingy/WRAG-Bootcamp/autonomy-bootcamp-2025-p2/modules/heartbeat/heartbeat_receiver.py | run | 65] Missed heartbeat (5)
19:34:12: [INFO] [/home/xingy/WRAG-Bootcamp/autonomy-bootcamp-2025-p2/modules/heartbeat/heartbeat_receiver_worker.py | heartbeat_receiver_worker | 63] Status: Disconnected
19:34:13: [WARNING] [/home/xingy/WRAG-Bootcamp/autonomy-bootcamp-2025-p2/modules/heartbeat/heartbeat_receiver.py | run | 65] Missed heartbeat (6)
19:34:13: [INFO] [/home/xingy/WRAG-Bootcamp/autonomy-bootcamp-2025-p2/modules/heartbeat/heartbeat_receiver_worker.py | heartbeat_receiver_worker | 63] Status: Disconnected
19:34:14: [WARNING] [/home/xingy/WRAG-Bootcamp/autonomy-bootcamp-2025-p2/modules/heartbeat/heartbeat_receiver.py | run | 65] Missed heartbeat (7)
19:34:14: [INFO] [/home/xingy/WRAG-Bootcamp/autonomy-bootcamp-2025-p2/modules/heartbeat/heartbeat_receiver_worker.py | heartbeat_receiver_worker | 63] Status: Disconnected
19:34:15: [WARNING] [/home/xingy/WRAG-Bootcamp/autonomy-bootcamp-2025-p2/modules/heartbeat/heartbeat_receiver.py | run | 65] Missed heartbeat (8)
19:34:15: [INFO] [/home/xingy/WRAG-Bootcamp/autonomy-bootcamp-2025-p2/modules/heartbeat/heartbeat_receiver_worker.py | heartbeat_receiver_worker | 63] Status: Disconnected
19:34:16: [INFO] [/home/xingy/WRAG-Bootcamp/autonomy-bootcamp-2025-p2/modules/heartbeat/heartbeat_receiver.py | run | 61] Received heartbeat
19:34:16: [INFO] [/home/xingy/WRAG-Bootcamp/autonomy-bootcamp-2025-p2/modules/heartbeat/heartbeat_receiver_worker.py | heartbeat_receiver_worker | 63] Status: Connected
19:34:17: [WARNING] [/home/xingy/WRAG-Bootcamp/autonomy-bootcamp-2025-p2/modules/heartbeat/heartbeat_receiver.py | run | 65] Missed heartbeat (1)
19:34:17: [INFO] [/home/xingy/WRAG-Bootcamp/autonomy-bootcamp-2025-p2/modules/heartbeat/heartbeat_receiver_worker.py | heartbeat_receiver_worker | 63] Status: Connected
19:34:17: [INFO] [/home/xingy/WRAG-Bootcamp/autonomy-bootcamp-2025-p2/modules/heartbeat/heartbeat_receiver.py | run | 61] Received heartbeat
19:34:17: [INFO] [/home/xingy/WRAG-Bootcamp/autonomy-bootcamp-2025-p2/modules/heartbeat/heartbeat_receiver_worker.py | heartbeat_receiver_worker | 63] Status: Connected
19:34:18: [INFO] [/home/xingy/WRAG-Bootcamp/autonomy-bootcamp-2025-p2/modules/heartbeat/heartbeat_receiver.py | run | 61] Received heartbeat
19:34:18: [INFO] [/home/xingy/WRAG-Bootcamp/autonomy-bootcamp-2025-p2/modules/heartbeat/heartbeat_receiver_worker.py | heartbeat_receiver_worker | 63] Status: Connected
19:34:19: [INFO] [/home/xingy/WRAG-Bootcamp/autonomy-bootcamp-2025-p2/modules/heartbeat/heartbeat_receiver.py | run | 61] Received heartbeat
19:34:19: [INFO] [/home/xingy/WRAG-Bootcamp/autonomy-bootcamp-2025-p2/modules/heartbeat/heartbeat_receiver_worker.py | heartbeat_receiver_worker | 63] Status: Connected
19:34:20: [INFO] [/home/xingy/WRAG-Bootcamp/autonomy-bootcamp-2025-p2/modules/heartbeat/heartbeat_receiver.py | run | 61] Received heartbeat
19:34:20: [INFO] [/home/xingy/WRAG-Bootcamp/autonomy-bootcamp-2025-p2/modules/heartbeat/heartbeat_receiver_worker.py | heartbeat_receiver_worker | 63] Status: Connected
19:34:21: [WARNING] [/home/xingy/WRAG-Bootcamp/autonomy-bootcamp-2025-p2/modules/heartbeat/heartbeat_receiver.py | run | 65] Missed heartbeat (1)
19:34:21: [INFO] [/home/xingy/WRAG-Bootcamp/autonomy-bootcamp-2025-p2/modules/heartbeat/heartbeat_receiver_worker.py | heartbeat_receiver_worker | 63] Status: Connected
19:34:22: [INFO] [/home/xingy/WRAG-Bootcamp/autonomy-bootcamp-2025-p2/modules/heartbeat/heartbeat_receiver.py | run | 61] Received heartbeat
19:34:22: [INFO] [/home/xingy/WRAG-Bootcamp/autonomy-bootcamp-2025-p2/modules/heartbeat/heartbeat_receiver_worker.py | heartbeat_receiver_worker | 63] Status: Connected
19:34:23: [WARNING] [/home/xingy/WRAG-Bootcamp/autonomy-bootcamp-2025-p2/modules/heartbeat/heartbeat_receiver.py | run | 65] Missed heartbeat (1)
19:34:23: [INFO] [/home/xingy/WRAG-Bootcamp/autonomy-bootcamp-2025-p2/modules/heartbeat/heartbeat_receiver_worker.py | heartbeat_receiver_worker | 63] Status: Connected
19:34:24: [WARNING] [/home/xingy/WRAG-Bootcamp/autonomy-bootcamp-2025-p2/modules/heartbeat/heartbeat_receiver.py | run | 65] Missed heartbeat (2)
19:34:24: [INFO] [/home/xingy/WRAG-Bootcamp/autonomy-bootcamp-2025-p2/modules/heartbeat/heartbeat_receiver_worker.py | heartbeat_receiver_worker | 63] Status: Connected
19:34:24: [INFO] [/home/xingy/WRAG-Bootcamp/autonomy-bootcamp-2025-p2/modules/heartbeat/heartbeat_receiver_worker.py | heartbeat_receiver_worker | 66] Worker exiting
