11:36:09: [INFO] [/home/xingy/WRAG-Bootcamp/autonomy-bootcamp-2025-p2/modules/heartbeat/heartbeat_receiver_worker.py | heartbeat_receiver_worker | 46] Logger initialized
11:36:09: [INFO] [/home/xingy/WRAG-Bootcamp/autonomy-bootcamp-2025-p2/modules/heartbeat/heartbeat_receiver.py | run | 61] Received heartbeat
11:36:09: [INFO] [/home/xingy/WRAG-Bootcamp/autonomy-bootcamp-2025-p2/modules/heartbeat/heartbeat_receiver_worker.py | heartbeat_receiver_worker | 63] Status: Connected
11:36:10: [INFO] [/home/xingy/WRAG-Bootcamp/autonomy-bootcamp-2025-p2/modules/heartbeat/heartbeat_receiver.py | run | 61] Received heartbeat
11:36:10: [INFO] [/home/xingy/WRAG-Bootcamp/autonomy-bootcamp-2025-p2/modules/heartbeat/heartbeat_receiver_worker.py | heartbeat_receiver_worker | 63] Status: Connected
11:36:11: [WARNING] [/home/xingy/WRAG-Bootcamp/autonomy-bootcamp-2025-p2/modules/heartbeat/heartbeat_receiver.py | run | 65] Missed heartbeat (1)
11:36:11: [INFO] [/home/xingy/WRAG-Bootcamp/autonomy-bootcamp-2025-p2/modules/heartbeat/heartbeat_receiver_worker.py | heartbeat_receiver_worker | 63] Status: Connected
11:36:11: [INFO] [/home/xingy/WRAG-Bootcamp/autonomy-bootcamp-2025-p2/modules/heartbeat/heartbeat_receiver.py | run | 61] Received heartbeat
11:36:11: [INFO] [/home/xingy/WRAG-Bootcamp/autonomy-bootcamp-2025-p2/modules/heartbeat/heartbeat_receiver_worker.py | heartbeat_receiver_worker | 63] Status: Connected
11:36:12: [INFO] [/home/xingy/WRAG-Bootcamp/autonomy-bootcamp-2025-p2/modules/heartbeat/heartbeat_receiver.py | run | 61] Received heartbeat
11:36:12: [INFO] [/home/xingy/WRAG-Bootcamp/autonomy-bootcamp-2025-p2/modules/heartbeat/heartbeat_receiver_worker.py | heartbeat_receiver_worker | 63] Status: Connected
11:36:13: [INFO] [/home/xingy/WRAG-Bootcamp/autonomy-bootcamp-2025-p2/modules/heartbeat/heartbeat_receiver.py | run | 61] Received heartbeat
11:36:13: [INFO] [/home/xingy/WRAG-Bootcamp/autonomy-bootcamp-2025-p2/modules/heartbeat/heartbeat_receiver_worker.py | heartbeat_receiver_worker | 63] Status: Connected
11:36:14: [WARNING] [/home/xingy/WRAG-Bootcamp/autonomy-bootcamp-2025-p2/modules/heartbeat/heartbeat_receiver.py | run | 65] Missed heartbeat (1)
11:36:14: [INFO] [/home/xingy/WRAG-Bootcamp/autonomy-bootcamp-2025-p2/modules/heartbeat/heartbeat_receiver_worker.py | heartbeat_receiver_worker | 63] Status: Connected
11:36:15: [WARNING] [/home/xingy/WRAG-Bootcamp/autonomy-bootcamp-2025-p2/modules/heartbeat/heartbeat_receiver.py | run | 65] Missed heartbeat (2)
11:36:15: [INFO] [/home/xingy/WRAG-Bootcamp/autonomy-bootcamp-2025-p2/modules/heartbeat/heartbeat_receiver_worker.py | heartbeat_receiver_worker | 63] Status: Connected
11:36:16: [WARNING] [/home/xingy/WRAG-Bootcamp/autonomy-bootcamp-2025-p2/modules/heartbeat/heartbeat_receiver.py | run | 65] Missed heartbeat (3)
11:36:16: [INFO] [/home/xingy/WRAG-Bootcamp/autonomy-bootcamp-2025-p2/modules/heartbeat/heartbeat_receiver_worker.py | heartbeat_receiver_worker | 63] Status: Connected
11:36:17: [WARNING] [/home/xingy/WRAG-Bootcamp/autonomy-bootcamp-2025-p2/modules/heartbeat/heartbeat_receiver.py | run | 65] Missed heartbeat (4)
11:36:17: [INFO] [/home/xingy/WRAG-Bootcamp/autonomy-bootcamp-2025-p2/modules/heartbeat/heartbeat_receiver_worker.py | heartbeat_receiver_worker | 63] Status: Connected
11:36:18: [WARNING] [/home/xingy/WRAG-Bootcamp/autonomy-bootcamp-2025-p2/modules/heartbeat/heartbeat_receiver.py | run | 65] Missed heartbeat (5)
11:36:18: [INFO] [/home/xingy/WRAG-Bootcamp/autonomy-bootcamp-2025-p2/modules/heartbeat/heartbeat_receiver_worker.py | heartbeat_receiver_worker | 63] Status: Disconnected
11:36:19: [WARNING] [/home/xingy/WRAG-Bootcamp/autonomy-bootcamp-2025-p2/modules/heartbeat/heartbeat_receiver.py | run | 65] Missed heartbeat (6)
11:36:19: [INFO] [/home/xingy/WRAG-Bootcamp/autonomy-bootcamp-2025-p2/modules/heartbeat/heartbeat_receiver_worker.py | heartbeat_receiver_worker | 63] Status: Disconnected
11:36:20: [WARNING] [/home/xingy/WRAG-Bootcamp/autonomy-bootcamp-2025-p2/modules/heartbeat/heartbeat_receiver.py | run | 65] Missed heartbeat (7)
11:36:20: [INFO] [/home/xingy/WRAG-Bootcamp/autonomy-bootcamp-2025-p2/modules/heartbeat/heartbeat_receiver_worker.py | heartbeat_receiver_worker | 63] Status: Disconnected
11:36:21: [WARNING] [/home/xingy/WRAG-Bootcamp/autonomy-bootcamp-2025-p2/modules/heartbeat/heartbeat_receiver.py | run | 65] Missed heartbeat (8)
11:36:21: [INFO] [/home/xingy/WRAG-Bootcamp/autonomy-bootcamp-2025-p2/modules/heartbeat/heartbeat_receiver_worker.py | heartbeat_receiver_worker | 63] Status: Disconnected
11:36:22: [INFO] [/home/xingy/WRAG-Bootcamp/autonomy-bootcamp-2025-p2/modules/heartbeat/heartbeat_receiver.py | run | 61] Received heartbeat
11:36:22: [INFO] [/home/xingy/WRAG-Bootcamp/autonomy-bootcamp-2025-p2/modules/heartbeat/heartbeat_receiver_worker.py | heartbeat_receiver_worker | 63] Status: Connected
11:36:23: [INFO] [/home/xingy/WRAG-Bootcamp/autonomy-bootcamp-2025-p2/modules/heartbeat/heartbeat_receiver.py | run | 61] Received heartbeat
11:36:23: [INFO] [/home/xingy/WRAG-Bootcamp/autonomy-bootcamp-2025-p2/modules/heartbeat/heartbeat_receiver_worker.py | heartbeat_receiver_worker | 63] Status: Connected
11:36:24: [INFO] [/home/xingy/WRAG-Bootcamp/autonomy-bootcamp-2025-p2/modules/heartbeat/heartbeat_receiver.py | run | 61] Received heartbeat
11:36:24: [INFO] [/home/xingy/WRAG-Bootcamp/autonomy-bootcamp-2025-p2/modules/heartbeat/heartbeat_receiver_worker.py | heartbeat_receiver_worker | 63] Status: Connected
11:36:25: [INFO] [/home/xingy/WRAG-Bootcamp/autonomy-bootcamp-2025-p2/modules/heartbeat/heartbeat_receiver.py | run | 61] Received heartbeat
11:36:25: [INFO] [/home/xingy/WRAG-Bootcamp/autonomy-bootcamp-2025-p2/modules/heartbeat/heartbeat_receiver_worker.py | heartbeat_receiver_worker | 63] Status: Connected
11:36:26: [INFO] [/home/xingy/WRAG-Bootcamp/autonomy-bootcamp-2025-p2/modules/heartbeat/heartbeat_receiver.py | run | 61] Received heartbeat
11:36:26: [INFO] [/home/xingy/WRAG-Bootcamp/autonomy-bootcamp-2025-p2/modules/heartbeat/heartbeat_receiver_worker.py | heartbeat_receiver_worker | 63] Status: Connected
11:36:27: [WARNING] [/home/xingy/WRAG-Bootcamp/autonomy-bootcamp-2025-p2/modules/heartbeat/heartbeat_receiver.py | run | 65] Missed heartbeat (1)
11:36:27: [INFO] [/home/xingy/WRAG-Bootcamp/autonomy-bootcamp-2025-p2/modules/heartbeat/heartbeat_receiver_worker.py | heartbeat_receiver_worker | 63] Status: Connected
11:36:28: [INFO] [/home/xingy/WRAG-Bootcamp/autonomy-bootcamp-2025-p2/modules/heartbeat/heartbeat_receiver.py | run | 61] Received heartbeat
11:36:28: [INFO] [/home/xingy/WRAG-Bootcamp/autonomy-bootcamp-2025-p2/modules/heartbeat/heartbeat_receiver_worker.py | heartbeat_receiver_worker | 63] Status: Connected
11:36:29: [WARNING] [/home/xingy/WRAG-Bootcamp/autonomy-bootcamp-2025-p2/modules/heartbeat/heartbeat_receiver.py | run | 65] Missed heartbeat (1)
11:36:29: [INFO] [/home/xingy/WRAG-Bootcamp/autonomy-bootcamp-2025-p2/modules/heartbeat/heartbeat_receiver_worker.py | heartbeat_receiver_worker | 63] Status: Connected
11:36:30: [WARNING] [/home/xingy/WRAG-Bootcamp/autonomy-bootcamp-2025-p2/modules/heartbeat/heartbeat_receiver.py | run | 65] Missed heartbeat (2)
11:36:30: [INFO] [/home/xingy/WRAG-Bootcamp/autonomy-bootcamp-2025-p2/modules/heartbeat/heartbeat_receiver_worker.py | heartbeat_receiver_worker | 63] Status: Connected
11:36:30: [INFO] [/home/xingy/WRAG-Bootcamp/autonomy-bootcamp-2025-p2/modules/heartbeat/heartbeat_receiver_worker.py | heartbeat_receiver_worker | 66] Worker exiting
