11:43:34: [INFO] [/home/xingy/WRAG-Bootcamp/autonomy-bootcamp-2025-p2/modules/common/modules/logger/logger_main_setup.py | setup_main_logger | 62] main logger initialized
11:43:34: [INFO] [/home/xingy/WRAG-Bootcamp/autonomy-bootcamp-2025-p2/tests/integration/test_telemetry.py | main | 113] Connected!
11:43:34: [INFO] [/home/xingy/WRAG-Bootcamp/autonomy-bootcamp-2025-p2/tests/integration/test_telemetry.py | read_queue | 70] Received TelemetryData: {
            time_since_boot: 0,
            x: 0.0,
            y: 0.0,
            z: -0.0,
            x_velocity: 0.0,
            y_velocity: 1.0,
            z_velocity: -0.0,
            roll: 0.0,
            pitch: 0.0,
            yaw: 0.0,
            roll_speed: 0.0,
            pitch_speed: 0.0,
            yaw_speed: 3.1415927410125732
        }
11:43:35: [INFO] [/home/xingy/WRAG-Bootcamp/autonomy-bootcamp-2025-p2/tests/integration/test_telemetry.py | read_queue | 70] Received TelemetryData: {
            time_since_boot: 500,
            x: 0.0,
            y: 0.5,
            z: -0.0,
            x_velocity: 0.0,
            y_velocity: 1.0,
            z_velocity: -0.0,
            roll: 0.0,
            pitch: 0.0,
            yaw: 1.0471975803375244,
            roll_speed: 0.0,
            pitch_speed: 0.0,
            yaw_speed: 3.1415927410125732
        }
11:43:35: [INFO] [/home/xingy/WRAG-Bootcamp/autonomy-bootcamp-2025-p2/tests/integration/test_telemetry.py | read_queue | 70] Received TelemetryData: {
            time_since_boot: 1000,
            x: 0.0,
            y: 1.0,
            z: -0.0,
            x_velocity: 0.0,
            y_velocity: 1.0,
            z_velocity: -0.0,
            roll: 0.0,
            pitch: 0.0,
            yaw: 3.1415927410125732,
            roll_speed: 0.0,
            pitch_speed: 0.0,
            yaw_speed: 3.1415927410125732
        }
11:43:36: [INFO] [/home/xingy/WRAG-Bootcamp/autonomy-bootcamp-2025-p2/tests/integration/test_telemetry.py | read_queue | 70] Received TelemetryData: {
            time_since_boot: 1500,
            x: 0.0,
            y: 1.5,
            z: -0.0,
            x_velocity: 0.0,
            y_velocity: 1.0,
            z_velocity: -0.0,
            roll: 0.0,
            pitch: 0.0,
            yaw: -2.094395160675049,
            roll_speed: 0.0,
            pitch_speed: 0.0,
            yaw_speed: 3.1415927410125732
        }
11:43:36: [INFO] [/home/xingy/WRAG-Bootcamp/autonomy-bootcamp-2025-p2/tests/integration/test_telemetry.py | read_queue | 70] Received TelemetryData: {
            time_since_boot: 2000,
            x: 0.0,
            y: 2.0,
            z: -0.0,
            x_velocity: 0.0,
            y_velocity: 1.0,
            z_velocity: -0.0,
            roll: 0.0,
            pitch: 0.0,
            yaw: 0.0,
            roll_speed: 0.0,
            pitch_speed: 0.0,
            yaw_speed: 3.1415927410125732
        }
11:43:37: [INFO] [/home/xingy/WRAG-Bootcamp/autonomy-bootcamp-2025-p2/tests/integration/test_telemetry.py | read_queue | 70] Received TelemetryData: {
            time_since_boot: 2500,
            x: 0.0,
            y: 2.5,
            z: -0.0,
            x_velocity: 0.0,
            y_velocity: 1.0,
            z_velocity: -0.0,
            roll: 0.0,
            pitch: 0.0,
            yaw: 1.0471975803375244,
            roll_speed: 0.0,
            pitch_speed: 0.0,
            yaw_speed: 3.1415927410125732
        }
11:43:37: [INFO] [/home/xingy/WRAG-Bootcamp/autonomy-bootcamp-2025-p2/tests/integration/test_telemetry.py | read_queue | 70] Received TelemetryData: {
            time_since_boot: 3000,
            x: 0.0,
            y: 3.0,
            z: -0.0,
            x_velocity: 0.0,
            y_velocity: 1.0,
            z_velocity: -0.0,
            roll: 0.0,
            pitch: 0.0,
            yaw: 3.1415927410125732,
            roll_speed: 0.0,
            pitch_speed: 0.0,
            yaw_speed: 3.1415927410125732
        }
11:43:38: [INFO] [/home/xingy/WRAG-Bootcamp/autonomy-bootcamp-2025-p2/tests/integration/test_telemetry.py | read_queue | 70] Received TelemetryData: {
            time_since_boot: 3500,
            x: 0.0,
            y: 3.5,
            z: -0.0,
            x_velocity: 0.0,
            y_velocity: 1.0,
            z_velocity: -0.0,
            roll: 0.0,
            pitch: 0.0,
            yaw: -2.094395160675049,
            roll_speed: 0.0,
            pitch_speed: 0.0,
            yaw_speed: 3.1415927410125732
        }
11:43:38: [INFO] [/home/xingy/WRAG-Bootcamp/autonomy-bootcamp-2025-p2/tests/integration/test_telemetry.py | read_queue | 70] Received TelemetryData: {
            time_since_boot: 4000,
            x: 0.0,
            y: 4.0,
            z: -0.0,
            x_velocity: 0.0,
            y_velocity: 1.0,
            z_velocity: -0.0,
            roll: 0.0,
            pitch: 0.0,
            yaw: 0.0,
            roll_speed: 0.0,
            pitch_speed: 0.0,
            yaw_speed: 3.1415927410125732
        }
11:43:39: [INFO] [/home/xingy/WRAG-Bootcamp/autonomy-bootcamp-2025-p2/tests/integration/test_telemetry.py | read_queue | 70] Received TelemetryData: {
            time_since_boot: 4500,
            x: 0.0,
            y: 4.5,
            z: -0.0,
            x_velocity: 0.0,
            y_velocity: 1.0,
            z_velocity: -0.0,
            roll: 0.0,
            pitch: 0.0,
            yaw: 1.0471975803375244,
            roll_speed: 0.0,
            pitch_speed: 0.0,
            yaw_speed: 3.1415927410125732
        }
11:43:42: [INFO] [/home/xingy/WRAG-Bootcamp/autonomy-bootcamp-2025-p2/tests/integration/test_telemetry.py | read_queue | 70] Received TelemetryData: {
            time_since_boot: 0,
            x: 0.0,
            y: 0.0,
            z: -0.0,
            x_velocity: 0.0,
            y_velocity: 1.0,
            z_velocity: -0.0,
            roll: 0.0,
            pitch: 0.0,
            yaw: 0.0,
            roll_speed: 0.0,
            pitch_speed: 0.0,
            yaw_speed: 3.1415927410125732
        }
11:43:43: [INFO] [/home/xingy/WRAG-Bootcamp/autonomy-bootcamp-2025-p2/tests/integration/test_telemetry.py | read_queue | 70] Received TelemetryData: {
            time_since_boot: 500,
            x: 0.0,
            y: 0.3333333432674408,
            z: -0.0,
            x_velocity: 0.0,
            y_velocity: 1.0,
            z_velocity: -0.0,
            roll: 0.0,
            pitch: 0.0,
            yaw: 1.5707963705062866,
            roll_speed: 0.0,
            pitch_speed: 0.0,
            yaw_speed: 3.1415927410125732
        }
11:43:43: [INFO] [/home/xingy/WRAG-Bootcamp/autonomy-bootcamp-2025-p2/tests/integration/test_telemetry.py | read_queue | 70] Received TelemetryData: {
            time_since_boot: 1000,
            x: 0.0,
            y: 0.6666666865348816,
            z: -0.0,
            x_velocity: 0.0,
            y_velocity: 1.0,
            z_velocity: -0.0,
            roll: 0.0,
            pitch: 0.0,
            yaw: 3.1415927410125732,
            roll_speed: 0.0,
            pitch_speed: 0.0,
            yaw_speed: 3.1415927410125732
        }
11:43:44: [INFO] [/home/xingy/WRAG-Bootcamp/autonomy-bootcamp-2025-p2/tests/integration/test_telemetry.py | read_queue | 70] Received TelemetryData: {
            time_since_boot: 1500,
            x: 0.0,
            y: 1.3333333730697632,
            z: -0.0,
            x_velocity: 0.0,
            y_velocity: 1.0,
            z_velocity: -0.0,
            roll: 0.0,
            pitch: 0.0,
            yaw: -1.5707963705062866,
            roll_speed: 0.0,
            pitch_speed: 0.0,
            yaw_speed: 3.1415927410125732
        }
11:43:44: [INFO] [/home/xingy/WRAG-Bootcamp/autonomy-bootcamp-2025-p2/tests/integration/test_telemetry.py | read_queue | 70] Received TelemetryData: {
            time_since_boot: 2000,
            x: 0.0,
            y: 1.6666666269302368,
            z: -0.0,
            x_velocity: 0.0,
            y_velocity: 1.0,
            z_velocity: -0.0,
            roll: 0.0,
            pitch: 0.0,
            yaw: 0.0,
            roll_speed: 0.0,
            pitch_speed: 0.0,
            yaw_speed: 3.1415927410125732
        }
11:43:45: [INFO] [/home/xingy/WRAG-Bootcamp/autonomy-bootcamp-2025-p2/tests/integration/test_telemetry.py | read_queue | 70] Received TelemetryData: {
            time_since_boot: 2500,
            x: 0.0,
            y: 2.3333332538604736,
            z: -0.0,
            x_velocity: 0.0,
            y_velocity: 1.0,
            z_velocity: -0.0,
            roll: 0.0,
            pitch: 0.0,
            yaw: 1.5707963705062866,
            roll_speed: 0.0,
            pitch_speed: 0.0,
            yaw_speed: 3.1415927410125732
        }
11:43:45: [INFO] [/home/xingy/WRAG-Bootcamp/autonomy-bootcamp-2025-p2/tests/integration/test_telemetry.py | read_queue | 70] Received TelemetryData: {
            time_since_boot: 3000,
            x: 0.0,
            y: 2.6666667461395264,
            z: -0.0,
            x_velocity: 0.0,
            y_velocity: 1.0,
            z_velocity: -0.0,
            roll: 0.0,
            pitch: 0.0,
            yaw: 3.1415927410125732,
            roll_speed: 0.0,
            pitch_speed: 0.0,
            yaw_speed: 3.1415927410125732
        }
11:43:46: [INFO] [/home/xingy/WRAG-Bootcamp/autonomy-bootcamp-2025-p2/tests/integration/test_telemetry.py | read_queue | 70] Received TelemetryData: {
            time_since_boot: 3500,
            x: 0.0,
            y: 3.3333332538604736,
            z: -0.0,
            x_velocity: 0.0,
            y_velocity: 1.0,
            z_velocity: -0.0,
            roll: 0.0,
            pitch: 0.0,
            yaw: -1.5707963705062866,
            roll_speed: 0.0,
            pitch_speed: 0.0,
            yaw_speed: 3.1415927410125732
        }
11:43:46: [INFO] [/home/xingy/WRAG-Bootcamp/autonomy-bootcamp-2025-p2/tests/integration/test_telemetry.py | read_queue | 70] Received TelemetryData: {
            time_since_boot: 4000,
            x: 0.0,
            y: 3.6666667461395264,
            z: -0.0,
            x_velocity: 0.0,
            y_velocity: 1.0,
            z_velocity: -0.0,
            roll: 0.0,
            pitch: 0.0,
            yaw: 0.0,
            roll_speed: 0.0,
            pitch_speed: 0.0,
            yaw_speed: 3.1415927410125732
        }
11:43:47: [INFO] [/home/xingy/WRAG-Bootcamp/autonomy-bootcamp-2025-p2/tests/integration/test_telemetry.py | read_queue | 70] Received TelemetryData: {
            time_since_boot: 4500,
            x: 0.0,
            y: 4.333333492279053,
            z: -0.0,
            x_velocity: 0.0,
            y_velocity: 1.0,
            z_velocity: -0.0,
            roll: 0.0,
            pitch: 0.0,
            yaw: 1.5707963705062866,
            roll_speed: 0.0,
            pitch_speed: 0.0,
            yaw_speed: 3.1415927410125732
        }
