11:43:34: [INFO] [/home/xingy/WRAG-Bootcamp/autonomy-bootcamp-2025-p2/modules/telemetry/telemetry_worker.py | telemetry_worker | 46] Logger initialized
11:43:34: [INFO] [/home/xingy/WRAG-Bootcamp/autonomy-bootcamp-2025-p2/modules/telemetry/telemetry.py | run | 127] Received ATTITUDE: yaw=0.0
11:43:34: [INFO] [/home/xingy/WRAG-Bootcamp/autonomy-bootcamp-2025-p2/modules/telemetry/telemetry.py | run | 130] Received LOCAL_POSITION_NED: x=0.0, y=0.0, z=0.0
11:43:34: [INFO] [/home/xingy/WRAG-Bootcamp/autonomy-bootcamp-2025-p2/modules/telemetry/telemetry_worker.py | telemetry_worker | 65] TelemetryData: {
            time_since_boot: 0,
            x: 0.0,
            y: 0.0,
            z: -0.0,
            x_velocity: 0.0,
            y_velocity: 1.0,
            z_velocity: -0.0,
            roll: 0.0,
            pitch: 0.0,
            yaw: 0.0,
            roll_speed: 0.0,
            pitch_speed: 0.0,
            yaw_speed: 3.1415927410125732
        }
11:43:35: [INFO] [/home/xingy/WRAG-Bootcamp/autonomy-bootcamp-2025-p2/modules/telemetry/telemetry.py | run | 127] Received ATTITUDE: yaw=1.0471975803375244
11:43:35: [INFO] [/home/xingy/WRAG-Bootcamp/autonomy-bootcamp-2025-p2/modules/telemetry/telemetry.py | run | 130] Received LOCAL_POSITION_NED: x=0.5, y=0.0, z=0.0
11:43:35: [INFO] [/home/xingy/WRAG-Bootcamp/autonomy-bootcamp-2025-p2/modules/telemetry/telemetry_worker.py | telemetry_worker | 65] TelemetryData: {
            time_since_boot: 500,
            x: 0.0,
            y: 0.5,
            z: -0.0,
            x_velocity: 0.0,
            y_velocity: 1.0,
            z_velocity: -0.0,
            roll: 0.0,
            pitch: 0.0,
            yaw: 1.0471975803375244,
            roll_speed: 0.0,
            pitch_speed: 0.0,
            yaw_speed: 3.1415927410125732
        }
11:43:35: [INFO] [/home/xingy/WRAG-Bootcamp/autonomy-bootcamp-2025-p2/modules/telemetry/telemetry.py | run | 127] Received ATTITUDE: yaw=2.094395160675049
11:43:35: [INFO] [/home/xingy/WRAG-Bootcamp/autonomy-bootcamp-2025-p2/modules/telemetry/telemetry.py | run | 127] Received ATTITUDE: yaw=3.1415927410125732
11:43:35: [INFO] [/home/xingy/WRAG-Bootcamp/autonomy-bootcamp-2025-p2/modules/telemetry/telemetry.py | run | 130] Received LOCAL_POSITION_NED: x=1.0, y=0.0, z=0.0
11:43:35: [INFO] [/home/xingy/WRAG-Bootcamp/autonomy-bootcamp-2025-p2/modules/telemetry/telemetry_worker.py | telemetry_worker | 65] TelemetryData: {
            time_since_boot: 1000,
            x: 0.0,
            y: 1.0,
            z: -0.0,
            x_velocity: 0.0,
            y_velocity: 1.0,
            z_velocity: -0.0,
            roll: 0.0,
            pitch: 0.0,
            yaw: 3.1415927410125732,
            roll_speed: 0.0,
            pitch_speed: 0.0,
            yaw_speed: 3.1415927410125732
        }
11:43:36: [INFO] [/home/xingy/WRAG-Bootcamp/autonomy-bootcamp-2025-p2/modules/telemetry/telemetry.py | run | 127] Received ATTITUDE: yaw=-2.094395160675049
11:43:36: [INFO] [/home/xingy/WRAG-Bootcamp/autonomy-bootcamp-2025-p2/modules/telemetry/telemetry.py | run | 130] Received LOCAL_POSITION_NED: x=1.5, y=0.0, z=0.0
11:43:36: [INFO] [/home/xingy/WRAG-Bootcamp/autonomy-bootcamp-2025-p2/modules/telemetry/telemetry_worker.py | telemetry_worker | 65] TelemetryData: {
            time_since_boot: 1500,
            x: 0.0,
            y: 1.5,
            z: -0.0,
            x_velocity: 0.0,
            y_velocity: 1.0,
            z_velocity: -0.0,
            roll: 0.0,
            pitch: 0.0,
            yaw: -2.094395160675049,
            roll_speed: 0.0,
            pitch_speed: 0.0,
            yaw_speed: 3.1415927410125732
        }
11:43:36: [INFO] [/home/xingy/WRAG-Bootcamp/autonomy-bootcamp-2025-p2/modules/telemetry/telemetry.py | run | 127] Received ATTITUDE: yaw=-1.0471975803375244
11:43:36: [INFO] [/home/xingy/WRAG-Bootcamp/autonomy-bootcamp-2025-p2/modules/telemetry/telemetry.py | run | 127] Received ATTITUDE: yaw=0.0
11:43:36: [INFO] [/home/xingy/WRAG-Bootcamp/autonomy-bootcamp-2025-p2/modules/telemetry/telemetry.py | run | 130] Received LOCAL_POSITION_NED: x=2.0, y=0.0, z=0.0
11:43:36: [INFO] [/home/xingy/WRAG-Bootcamp/autonomy-bootcamp-2025-p2/modules/telemetry/telemetry_worker.py | telemetry_worker | 65] TelemetryData: {
            time_since_boot: 2000,
            x: 0.0,
            y: 2.0,
            z: -0.0,
            x_velocity: 0.0,
            y_velocity: 1.0,
            z_velocity: -0.0,
            roll: 0.0,
            pitch: 0.0,
            yaw: 0.0,
            roll_speed: 0.0,
            pitch_speed: 0.0,
            yaw_speed: 3.1415927410125732
        }
11:43:37: [INFO] [/home/xingy/WRAG-Bootcamp/autonomy-bootcamp-2025-p2/modules/telemetry/telemetry.py | run | 127] Received ATTITUDE: yaw=1.0471975803375244
11:43:37: [INFO] [/home/xingy/WRAG-Bootcamp/autonomy-bootcamp-2025-p2/modules/telemetry/telemetry.py | run | 130] Received LOCAL_POSITION_NED: x=2.5, y=0.0, z=0.0
11:43:37: [INFO] [/home/xingy/WRAG-Bootcamp/autonomy-bootcamp-2025-p2/modules/telemetry/telemetry_worker.py | telemetry_worker | 65] TelemetryData: {
            time_since_boot: 2500,
            x: 0.0,
            y: 2.5,
            z: -0.0,
            x_velocity: 0.0,
            y_velocity: 1.0,
            z_velocity: -0.0,
            roll: 0.0,
            pitch: 0.0,
            yaw: 1.0471975803375244,
            roll_speed: 0.0,
            pitch_speed: 0.0,
            yaw_speed: 3.1415927410125732
        }
11:43:37: [INFO] [/home/xingy/WRAG-Bootcamp/autonomy-bootcamp-2025-p2/modules/telemetry/telemetry.py | run | 127] Received ATTITUDE: yaw=2.094395160675049
11:43:37: [INFO] [/home/xingy/WRAG-Bootcamp/autonomy-bootcamp-2025-p2/modules/telemetry/telemetry.py | run | 127] Received ATTITUDE: yaw=3.1415927410125732
11:43:37: [INFO] [/home/xingy/WRAG-Bootcamp/autonomy-bootcamp-2025-p2/modules/telemetry/telemetry.py | run | 130] Received LOCAL_POSITION_NED: x=3.0, y=0.0, z=0.0
11:43:37: [INFO] [/home/xingy/WRAG-Bootcamp/autonomy-bootcamp-2025-p2/modules/telemetry/telemetry_worker.py | telemetry_worker | 65] TelemetryData: {
            time_since_boot: 3000,
            x: 0.0,
            y: 3.0,
            z: -0.0,
            x_velocity: 0.0,
            y_velocity: 1.0,
            z_velocity: -0.0,
            roll: 0.0,
            pitch: 0.0,
            yaw: 3.1415927410125732,
            roll_speed: 0.0,
            pitch_speed: 0.0,
            yaw_speed: 3.1415927410125732
        }
11:43:38: [INFO] [/home/xingy/WRAG-Bootcamp/autonomy-bootcamp-2025-p2/modules/telemetry/telemetry.py | run | 127] Received ATTITUDE: yaw=-2.094395160675049
11:43:38: [INFO] [/home/xingy/WRAG-Bootcamp/autonomy-bootcamp-2025-p2/modules/telemetry/telemetry.py | run | 130] Received LOCAL_POSITION_NED: x=3.5, y=0.0, z=0.0
11:43:38: [INFO] [/home/xingy/WRAG-Bootcamp/autonomy-bootcamp-2025-p2/modules/telemetry/telemetry_worker.py | telemetry_worker | 65] TelemetryData: {
            time_since_boot: 3500,
            x: 0.0,
            y: 3.5,
            z: -0.0,
            x_velocity: 0.0,
            y_velocity: 1.0,
            z_velocity: -0.0,
            roll: 0.0,
            pitch: 0.0,
            yaw: -2.094395160675049,
            roll_speed: 0.0,
            pitch_speed: 0.0,
            yaw_speed: 3.1415927410125732
        }
11:43:38: [INFO] [/home/xingy/WRAG-Bootcamp/autonomy-bootcamp-2025-p2/modules/telemetry/telemetry.py | run | 127] Received ATTITUDE: yaw=-1.0471975803375244
11:43:38: [INFO] [/home/xingy/WRAG-Bootcamp/autonomy-bootcamp-2025-p2/modules/telemetry/telemetry.py | run | 127] Received ATTITUDE: yaw=0.0
11:43:38: [INFO] [/home/xingy/WRAG-Bootcamp/autonomy-bootcamp-2025-p2/modules/telemetry/telemetry.py | run | 130] Received LOCAL_POSITION_NED: x=4.0, y=0.0, z=0.0
11:43:38: [INFO] [/home/xingy/WRAG-Bootcamp/autonomy-bootcamp-2025-p2/modules/telemetry/telemetry_worker.py | telemetry_worker | 65] TelemetryData: {
            time_since_boot: 4000,
            x: 0.0,
            y: 4.0,
            z: -0.0,
            x_velocity: 0.0,
            y_velocity: 1.0,
            z_velocity: -0.0,
            roll: 0.0,
            pitch: 0.0,
            yaw: 0.0,
            roll_speed: 0.0,
            pitch_speed: 0.0,
            yaw_speed: 3.1415927410125732
        }
11:43:39: [INFO] [/home/xingy/WRAG-Bootcamp/autonomy-bootcamp-2025-p2/modules/telemetry/telemetry.py | run | 127] Received ATTITUDE: yaw=1.0471975803375244
11:43:39: [INFO] [/home/xingy/WRAG-Bootcamp/autonomy-bootcamp-2025-p2/modules/telemetry/telemetry.py | run | 130] Received LOCAL_POSITION_NED: x=4.5, y=0.0, z=0.0
11:43:39: [INFO] [/home/xingy/WRAG-Bootcamp/autonomy-bootcamp-2025-p2/modules/telemetry/telemetry_worker.py | telemetry_worker | 65] TelemetryData: {
            time_since_boot: 4500,
            x: 0.0,
            y: 4.5,
            z: -0.0,
            x_velocity: 0.0,
            y_velocity: 1.0,
            z_velocity: -0.0,
            roll: 0.0,
            pitch: 0.0,
            yaw: 1.0471975803375244,
            roll_speed: 0.0,
            pitch_speed: 0.0,
            yaw_speed: 3.1415927410125732
        }
11:43:39: [INFO] [/home/xingy/WRAG-Bootcamp/autonomy-bootcamp-2025-p2/modules/telemetry/telemetry.py | run | 127] Received ATTITUDE: yaw=2.094395160675049
11:43:40: [WARNING] [/home/xingy/WRAG-Bootcamp/autonomy-bootcamp-2025-p2/modules/telemetry/telemetry.py | run | 158] Timeout waiting for telemetry data
11:43:40: [INFO] [/home/xingy/WRAG-Bootcamp/autonomy-bootcamp-2025-p2/modules/telemetry/telemetry.py | run | 127] Received ATTITUDE: yaw=3.0
11:43:41: [WARNING] [/home/xingy/WRAG-Bootcamp/autonomy-bootcamp-2025-p2/modules/telemetry/telemetry.py | run | 158] Timeout waiting for telemetry data
11:43:41: [INFO] [/home/xingy/WRAG-Bootcamp/autonomy-bootcamp-2025-p2/modules/telemetry/telemetry.py | run | 130] Received LOCAL_POSITION_NED: x=3.0, y=2.0, z=1.0
11:43:42: [WARNING] [/home/xingy/WRAG-Bootcamp/autonomy-bootcamp-2025-p2/modules/telemetry/telemetry.py | run | 158] Timeout waiting for telemetry data
11:43:42: [INFO] [/home/xingy/WRAG-Bootcamp/autonomy-bootcamp-2025-p2/modules/telemetry/telemetry.py | run | 127] Received ATTITUDE: yaw=0.0
11:43:42: [INFO] [/home/xingy/WRAG-Bootcamp/autonomy-bootcamp-2025-p2/modules/telemetry/telemetry.py | run | 130] Received LOCAL_POSITION_NED: x=0.0, y=0.0, z=0.0
11:43:42: [INFO] [/home/xingy/WRAG-Bootcamp/autonomy-bootcamp-2025-p2/modules/telemetry/telemetry_worker.py | telemetry_worker | 65] TelemetryData: {
            time_since_boot: 0,
            x: 0.0,
            y: 0.0,
            z: -0.0,
            x_velocity: 0.0,
            y_velocity: 1.0,
            z_velocity: -0.0,
            roll: 0.0,
            pitch: 0.0,
            yaw: 0.0,
            roll_speed: 0.0,
            pitch_speed: 0.0,
            yaw_speed: 3.1415927410125732
        }
11:43:43: [INFO] [/home/xingy/WRAG-Bootcamp/autonomy-bootcamp-2025-p2/modules/telemetry/telemetry.py | run | 130] Received LOCAL_POSITION_NED: x=0.3333333432674408, y=0.0, z=0.0
11:43:43: [INFO] [/home/xingy/WRAG-Bootcamp/autonomy-bootcamp-2025-p2/modules/telemetry/telemetry.py | run | 127] Received ATTITUDE: yaw=1.5707963705062866
11:43:43: [INFO] [/home/xingy/WRAG-Bootcamp/autonomy-bootcamp-2025-p2/modules/telemetry/telemetry_worker.py | telemetry_worker | 65] TelemetryData: {
            time_since_boot: 500,
            x: 0.0,
            y: 0.3333333432674408,
            z: -0.0,
            x_velocity: 0.0,
            y_velocity: 1.0,
            z_velocity: -0.0,
            roll: 0.0,
            pitch: 0.0,
            yaw: 1.5707963705062866,
            roll_speed: 0.0,
            pitch_speed: 0.0,
            yaw_speed: 3.1415927410125732
        }
11:43:43: [INFO] [/home/xingy/WRAG-Bootcamp/autonomy-bootcamp-2025-p2/modules/telemetry/telemetry.py | run | 130] Received LOCAL_POSITION_NED: x=0.6666666865348816, y=0.0, z=0.0
11:43:43: [INFO] [/home/xingy/WRAG-Bootcamp/autonomy-bootcamp-2025-p2/modules/telemetry/telemetry.py | run | 127] Received ATTITUDE: yaw=3.1415927410125732
11:43:43: [INFO] [/home/xingy/WRAG-Bootcamp/autonomy-bootcamp-2025-p2/modules/telemetry/telemetry_worker.py | telemetry_worker | 65] TelemetryData: {
            time_since_boot: 1000,
            x: 0.0,
            y: 0.6666666865348816,
            z: -0.0,
            x_velocity: 0.0,
            y_velocity: 1.0,
            z_velocity: -0.0,
            roll: 0.0,
            pitch: 0.0,
            yaw: 3.1415927410125732,
            roll_speed: 0.0,
            pitch_speed: 0.0,
            yaw_speed: 3.1415927410125732
        }
11:43:43: [INFO] [/home/xingy/WRAG-Bootcamp/autonomy-bootcamp-2025-p2/modules/telemetry/telemetry.py | run | 130] Received LOCAL_POSITION_NED: x=1.0, y=0.0, z=0.0
11:43:44: [INFO] [/home/xingy/WRAG-Bootcamp/autonomy-bootcamp-2025-p2/modules/telemetry/telemetry.py | run | 130] Received LOCAL_POSITION_NED: x=1.3333333730697632, y=0.0, z=0.0
11:43:44: [INFO] [/home/xingy/WRAG-Bootcamp/autonomy-bootcamp-2025-p2/modules/telemetry/telemetry.py | run | 127] Received ATTITUDE: yaw=-1.5707963705062866
11:43:44: [INFO] [/home/xingy/WRAG-Bootcamp/autonomy-bootcamp-2025-p2/modules/telemetry/telemetry_worker.py | telemetry_worker | 65] TelemetryData: {
            time_since_boot: 1500,
            x: 0.0,
            y: 1.3333333730697632,
            z: -0.0,
            x_velocity: 0.0,
            y_velocity: 1.0,
            z_velocity: -0.0,
            roll: 0.0,
            pitch: 0.0,
            yaw: -1.5707963705062866,
            roll_speed: 0.0,
            pitch_speed: 0.0,
            yaw_speed: 3.1415927410125732
        }
11:43:44: [INFO] [/home/xingy/WRAG-Bootcamp/autonomy-bootcamp-2025-p2/modules/telemetry/telemetry.py | run | 130] Received LOCAL_POSITION_NED: x=1.6666666269302368, y=0.0, z=0.0
11:43:44: [INFO] [/home/xingy/WRAG-Bootcamp/autonomy-bootcamp-2025-p2/modules/telemetry/telemetry.py | run | 127] Received ATTITUDE: yaw=0.0
11:43:44: [INFO] [/home/xingy/WRAG-Bootcamp/autonomy-bootcamp-2025-p2/modules/telemetry/telemetry_worker.py | telemetry_worker | 65] TelemetryData: {
            time_since_boot: 2000,
            x: 0.0,
            y: 1.6666666269302368,
            z: -0.0,
            x_velocity: 0.0,
            y_velocity: 1.0,
            z_velocity: -0.0,
            roll: 0.0,
            pitch: 0.0,
            yaw: 0.0,
            roll_speed: 0.0,
            pitch_speed: 0.0,
            yaw_speed: 3.1415927410125732
        }
11:43:44: [INFO] [/home/xingy/WRAG-Bootcamp/autonomy-bootcamp-2025-p2/modules/telemetry/telemetry.py | run | 130] Received LOCAL_POSITION_NED: x=2.0, y=0.0, z=0.0
11:43:45: [INFO] [/home/xingy/WRAG-Bootcamp/autonomy-bootcamp-2025-p2/modules/telemetry/telemetry.py | run | 130] Received LOCAL_POSITION_NED: x=2.3333332538604736, y=0.0, z=0.0
11:43:45: [INFO] [/home/xingy/WRAG-Bootcamp/autonomy-bootcamp-2025-p2/modules/telemetry/telemetry.py | run | 127] Received ATTITUDE: yaw=1.5707963705062866
11:43:45: [INFO] [/home/xingy/WRAG-Bootcamp/autonomy-bootcamp-2025-p2/modules/telemetry/telemetry_worker.py | telemetry_worker | 65] TelemetryData: {
            time_since_boot: 2500,
            x: 0.0,
            y: 2.3333332538604736,
            z: -0.0,
            x_velocity: 0.0,
            y_velocity: 1.0,
            z_velocity: -0.0,
            roll: 0.0,
            pitch: 0.0,
            yaw: 1.5707963705062866,
            roll_speed: 0.0,
            pitch_speed: 0.0,
            yaw_speed: 3.1415927410125732
        }
11:43:45: [INFO] [/home/xingy/WRAG-Bootcamp/autonomy-bootcamp-2025-p2/modules/telemetry/telemetry.py | run | 130] Received LOCAL_POSITION_NED: x=2.6666667461395264, y=0.0, z=0.0
11:43:45: [INFO] [/home/xingy/WRAG-Bootcamp/autonomy-bootcamp-2025-p2/modules/telemetry/telemetry.py | run | 127] Received ATTITUDE: yaw=3.1415927410125732
11:43:45: [INFO] [/home/xingy/WRAG-Bootcamp/autonomy-bootcamp-2025-p2/modules/telemetry/telemetry_worker.py | telemetry_worker | 65] TelemetryData: {
            time_since_boot: 3000,
            x: 0.0,
            y: 2.6666667461395264,
            z: -0.0,
            x_velocity: 0.0,
            y_velocity: 1.0,
            z_velocity: -0.0,
            roll: 0.0,
            pitch: 0.0,
            yaw: 3.1415927410125732,
            roll_speed: 0.0,
            pitch_speed: 0.0,
            yaw_speed: 3.1415927410125732
        }
11:43:45: [INFO] [/home/xingy/WRAG-Bootcamp/autonomy-bootcamp-2025-p2/modules/telemetry/telemetry.py | run | 130] Received LOCAL_POSITION_NED: x=3.0, y=0.0, z=0.0
11:43:46: [INFO] [/home/xingy/WRAG-Bootcamp/autonomy-bootcamp-2025-p2/modules/telemetry/telemetry.py | run | 130] Received LOCAL_POSITION_NED: x=3.3333332538604736, y=0.0, z=0.0
11:43:46: [INFO] [/home/xingy/WRAG-Bootcamp/autonomy-bootcamp-2025-p2/modules/telemetry/telemetry.py | run | 127] Received ATTITUDE: yaw=-1.5707963705062866
11:43:46: [INFO] [/home/xingy/WRAG-Bootcamp/autonomy-bootcamp-2025-p2/modules/telemetry/telemetry_worker.py | telemetry_worker | 65] TelemetryData: {
            time_since_boot: 3500,
            x: 0.0,
            y: 3.3333332538604736,
            z: -0.0,
            x_velocity: 0.0,
            y_velocity: 1.0,
            z_velocity: -0.0,
            roll: 0.0,
            pitch: 0.0,
            yaw: -1.5707963705062866,
            roll_speed: 0.0,
            pitch_speed: 0.0,
            yaw_speed: 3.1415927410125732
        }
11:43:46: [INFO] [/home/xingy/WRAG-Bootcamp/autonomy-bootcamp-2025-p2/modules/telemetry/telemetry.py | run | 130] Received LOCAL_POSITION_NED: x=3.6666667461395264, y=0.0, z=0.0
11:43:46: [INFO] [/home/xingy/WRAG-Bootcamp/autonomy-bootcamp-2025-p2/modules/telemetry/telemetry.py | run | 127] Received ATTITUDE: yaw=0.0
11:43:46: [INFO] [/home/xingy/WRAG-Bootcamp/autonomy-bootcamp-2025-p2/modules/telemetry/telemetry_worker.py | telemetry_worker | 65] TelemetryData: {
            time_since_boot: 4000,
            x: 0.0,
            y: 3.6666667461395264,
            z: -0.0,
            x_velocity: 0.0,
            y_velocity: 1.0,
            z_velocity: -0.0,
            roll: 0.0,
            pitch: 0.0,
            yaw: 0.0,
            roll_speed: 0.0,
            pitch_speed: 0.0,
            yaw_speed: 3.1415927410125732
        }
11:43:46: [INFO] [/home/xingy/WRAG-Bootcamp/autonomy-bootcamp-2025-p2/modules/telemetry/telemetry.py | run | 130] Received LOCAL_POSITION_NED: x=4.0, y=0.0, z=0.0
11:43:47: [INFO] [/home/xingy/WRAG-Bootcamp/autonomy-bootcamp-2025-p2/modules/telemetry/telemetry.py | run | 130] Received LOCAL_POSITION_NED: x=4.333333492279053, y=0.0, z=0.0
11:43:47: [INFO] [/home/xingy/WRAG-Bootcamp/autonomy-bootcamp-2025-p2/modules/telemetry/telemetry.py | run | 127] Received ATTITUDE: yaw=1.5707963705062866
11:43:47: [INFO] [/home/xingy/WRAG-Bootcamp/autonomy-bootcamp-2025-p2/modules/telemetry/telemetry_worker.py | telemetry_worker | 65] TelemetryData: {
            time_since_boot: 4500,
            x: 0.0,
            y: 4.333333492279053,
            z: -0.0,
            x_velocity: 0.0,
            y_velocity: 1.0,
            z_velocity: -0.0,
            roll: 0.0,
            pitch: 0.0,
            yaw: 1.5707963705062866,
            roll_speed: 0.0,
            pitch_speed: 0.0,
            yaw_speed: 3.1415927410125732
        }
11:43:47: [INFO] [/home/xingy/WRAG-Bootcamp/autonomy-bootcamp-2025-p2/modules/telemetry/telemetry.py | run | 130] Received LOCAL_POSITION_NED: x=4.666666507720947, y=0.0, z=0.0
11:43:48: [WARNING] [/home/xingy/WRAG-Bootcamp/autonomy-bootcamp-2025-p2/modules/telemetry/telemetry.py | run | 158] Timeout waiting for telemetry data
11:43:48: [INFO] [/home/xingy/WRAG-Bootcamp/autonomy-bootcamp-2025-p2/modules/telemetry/telemetry_worker.py | telemetry_worker | 68] Worker exiting
